<?xml version="1.0" encoding="UTF-8"?>
<coverage generated="1645622828982" clover="3.2.0">
  <project timestamp="1645622828982" name="All files">
    <metrics statements="17" coveredstatements="17" conditionals="13" coveredconditionals="13" methods="6" coveredmethods="6" elements="36" coveredelements="36" complexity="0" loc="17" ncloc="17" packages="1" files="2" classes="2"/>
    <file name="calculator.js" path="/Users/arctouch/Projetos/Estudo/aprenda-a-testar-aplicacoes-javascript/Projeto1/src/lib/calculator.js">
      <metrics statements="4" coveredstatements="4" conditionals="4" coveredconditionals="4" methods="1" coveredmethods="1"/>
      <line num="1" count="1" type="stmt"/>
      <line num="2" count="5" type="cond" truecount="4" falsecount="0"/>
      <line num="3" count="3" type="stmt"/>
      <line num="5" count="2" type="stmt"/>
    </file>
    <file name="queryString.js" path="/Users/arctouch/Projetos/Estudo/aprenda-a-testar-aplicacoes-javascript/Projeto1/src/lib/queryString.js">
      <metrics statements="13" coveredstatements="13" conditionals="9" coveredconditionals="9" methods="5" coveredmethods="5"/>
      <line num="1" count="1" type="stmt"/>
      <line num="2" count="10" type="cond" truecount="5" falsecount="0"/>
      <line num="3" count="1" type="stmt"/>
      <line num="4" count="9" type="cond" truecount="2" falsecount="0"/>
      <line num="7" count="1" type="stmt"/>
      <line num="8" count="5" type="stmt"/>
      <line num="10" count="8" type="stmt"/>
      <line num="13" count="1" type="stmt"/>
      <line num="14" count="3" type="stmt"/>
      <line num="16" count="5" type="stmt"/>
      <line num="17" count="5" type="cond" truecount="2" falsecount="0"/>
      <line num="18" count="1" type="stmt"/>
      <line num="20" count="5" type="stmt"/>
    </file>
  </project>
</coverage>
