{"/Users/arctouch/Projetos/Estudo/aprenda-a-testar-aplicacoes-javascript/Projeto1/src/lib/calculator.js": {"path":"/Users/arctouch/Projetos/Estudo/aprenda-a-testar-aplicacoes-javascript/Projeto1/src/lib/calculator.js","statementMap":{"0":{"start":{"line":1,"column":0},"end":{"line":6,"column":1}},"1":{"start":{"line":2,"column":0},"end":{"line":4,"column":1}},"2":{"start":{"line":3,"column":2},"end":{"line":3,"column":46}},"3":{"start":{"line":5,"column":2},"end":{"line":5,"column":23}}},"fnMap":{"0":{"name":"(anonymous_0)","decl":{"start":{"line":1,"column":21},"end":{"line":1,"column":22}},"loc":{"start":{"line":1,"column":37},"end":{"line":6,"column":1}},"line":1}},"branchMap":{"0":{"loc":{"start":{"line":2,"column":0},"end":{"line":4,"column":1}},"type":"if","locations":[{"start":{"line":2,"column":0},"end":{"line":4,"column":1}},{"start":{},"end":{}}],"line":2},"1":{"loc":{"start":{"line":2,"column":3},"end":{"line":2,"column":63}},"type":"binary-expr","locations":[{"start":{"line":2,"column":3},"end":{"line":2,"column":31}},{"start":{"line":2,"column":35},"end":{"line":2,"column":63}}],"line":2}},"s":{"0":1,"1":5,"2":3,"3":2},"f":{"0":5},"b":{"0":[3,2],"1":[5,2]},"_coverageSchema":"1a1c01bbd47fc00a2c39e90264f33305004495a9","hash":"a15adcdc9729b83c43812f10527fd435208d1f4b"}
,"/Users/arctouch/Projetos/Estudo/aprenda-a-testar-aplicacoes-javascript/Projeto1/src/lib/queryString.js": {"path":"/Users/arctouch/Projetos/Estudo/aprenda-a-testar-aplicacoes-javascript/Projeto1/src/lib/queryString.js","statementMap":{"0":{"start":{"line":1,"column":27},"end":{"line":5,"column":1}},"1":{"start":{"line":2,"column":2},"end":{"line":3,"column":60}},"2":{"start":{"line":3,"column":4},"end":{"line":3,"column":60}},"3":{"start":{"line":4,"column":2},"end":{"line":4,"column":40}},"4":{"start":{"line":4,"column":15},"end":{"line":4,"column":40}},"5":{"start":{"line":7,"column":0},"end":{"line":11,"column":15}},"6":{"start":{"line":8,"column":2},"end":{"line":11,"column":14}},"7":{"start":{"line":10,"column":20},"end":{"line":10,"column":26}},"8":{"start":{"line":13,"column":0},"end":{"line":22,"column":4}},"9":{"start":{"line":14,"column":2},"end":{"line":22,"column":3}},"10":{"start":{"line":16,"column":20},"end":{"line":16,"column":35}},"11":{"start":{"line":17,"column":6},"end":{"line":19,"column":7}},"12":{"start":{"line":18,"column":8},"end":{"line":18,"column":39}},"13":{"start":{"line":20,"column":6},"end":{"line":20,"column":19}}},"fnMap":{"0":{"name":"(anonymous_0)","decl":{"start":{"line":1,"column":27},"end":{"line":1,"column":28}},"loc":{"start":{"line":1,"column":45},"end":{"line":5,"column":1}},"line":1},"1":{"name":"(anonymous_1)","decl":{"start":{"line":7,"column":29},"end":{"line":7,"column":30}},"loc":{"start":{"line":8,"column":2},"end":{"line":11,"column":14}},"line":8},"2":{"name":"(anonymous_2)","decl":{"start":{"line":10,"column":12},"end":{"line":10,"column":13}},"loc":{"start":{"line":10,"column":20},"end":{"line":10,"column":26}},"line":10},"3":{"name":"(anonymous_3)","decl":{"start":{"line":13,"column":34},"end":{"line":13,"column":35}},"loc":{"start":{"line":14,"column":2},"end":{"line":22,"column":3}},"line":14},"4":{"name":"(anonymous_4)","decl":{"start":{"line":15,"column":31},"end":{"line":15,"column":32}},"loc":{"start":{"line":15,"column":39},"end":{"line":21,"column":5}},"line":15}},"branchMap":{"0":{"loc":{"start":{"line":2,"column":2},"end":{"line":3,"column":60}},"type":"if","locations":[{"start":{"line":2,"column":2},"end":{"line":3,"column":60}},{"start":{},"end":{}}],"line":2},"1":{"loc":{"start":{"line":2,"column":6},"end":{"line":2,"column":74}},"type":"binary-expr","locations":[{"start":{"line":2,"column":6},"end":{"line":2,"column":31}},{"start":{"line":2,"column":35},"end":{"line":2,"column":49}},{"start":{"line":2,"column":53},"end":{"line":2,"column":74}}],"line":2},"2":{"loc":{"start":{"line":4,"column":2},"end":{"line":4,"column":40}},"type":"if","locations":[{"start":{"line":4,"column":2},"end":{"line":4,"column":40}},{"start":{},"end":{}}],"line":4},"3":{"loc":{"start":{"line":17,"column":6},"end":{"line":19,"column":7}},"type":"if","locations":[{"start":{"line":17,"column":6},"end":{"line":19,"column":7}},{"start":{},"end":{}}],"line":17}},"s":{"0":1,"1":10,"2":1,"3":9,"4":7,"5":1,"6":5,"7":8,"8":1,"9":3,"10":5,"11":5,"12":1,"13":5},"f":{"0":10,"1":5,"2":8,"3":3,"4":5},"b":{"0":[1,9],"1":[10,3,2],"2":[7,2],"3":[1,4]},"_coverageSchema":"1a1c01bbd47fc00a2c39e90264f33305004495a9","hash":"103c70bbc3f04f8c0ff0456d9f663d33c066ea09"}
}
