TN:
SF:src/lib/calculator.js
FN:1,(anonymous_0)
FNF:1
FNH:1
FNDA:5,(anonymous_0)
DA:1,1
DA:2,5
DA:3,3
DA:5,2
LF:4
LH:4
BRDA:2,0,0,3
BRDA:2,0,1,2
BRDA:2,1,0,5
BRDA:2,1,1,2
BRF:4
BRH:4
end_of_record
TN:
SF:src/lib/queryString.js
FN:1,(anonymous_0)
FN:7,(anonymous_1)
FN:10,(anonymous_2)
FN:13,(anonymous_3)
FN:15,(anonymous_4)
FNF:5
FNH:5
FNDA:10,(anonymous_0)
FNDA:5,(anonymous_1)
FNDA:8,(anonymous_2)
FNDA:3,(anonymous_3)
FNDA:5,(anonymous_4)
DA:1,1
DA:2,10
DA:3,1
DA:4,9
DA:7,1
DA:8,5
DA:10,8
DA:13,1
DA:14,3
DA:16,5
DA:17,5
DA:18,1
DA:20,5
LF:13
LH:13
BRDA:2,0,0,1
BRDA:2,0,1,9
BRDA:2,1,0,10
BRDA:2,1,1,3
BRDA:2,1,2,2
BRDA:4,2,0,7
BRDA:4,2,1,2
BRDA:17,3,0,1
BRDA:17,3,1,4
BRF:9
BRH:9
end_of_record
